<?xml version="1.0" encoding="UTF-8"?>
<!-- Generated by org.testng.reporters.JUnitXMLReporter -->
<testsuite hostname="DESKTOP-TCEP82C" ignored="4" name="Default test(failed)" tests="1" failures="1" timestamp="23 Jun 2021 09:57:50 GMT" time="0.045" errors="0">
  <testcase name="tc23" time="0.017" classname="org.test.Test2">
    <failure type="java.lang.AssertionError" message="expected [true] but found [false]">
      <![CDATA[java.lang.AssertionError: expected [true] but found [false]
at org.test.Test2.tc23(Test2.java:27)
... Removed 29 stack frames]]>
    </failure>
  </testcase> <!-- tc23 -->
  <testcase name="tc22" time="0.0" classname="org.test.Test2">
    <ignored/>
  </testcase> <!-- tc22 -->
  <testcase name="tc24" time="0.0" classname="org.test.Test2">
    <ignored/>
  </testcase> <!-- tc24 -->
  <testcase name="tc21" time="0.0" classname="org.test.Test2">
    <ignored/>
  </testcase> <!-- tc21 -->
  <testcase name="tc20" time="0.0" classname="org.test.Test2">
    <ignored/>
  </testcase> <!-- tc20 -->
</testsuite> <!-- Default test(failed) -->
