<?xml version="1.0" encoding="UTF-8"?>
<!-- Generated by org.testng.reporters.JUnitXMLReporter -->
<testsuite hostname="DESKTOP-TCEP82C" ignored="0" name="Test" tests="10" failures="1" timestamp="25 Jun 2021 10:07:20 GMT" time="0.062" errors="0">
  <testcase name="tc20" time="0.01" classname="org.test.Test2"/>
  <testcase name="tc21" time="0.001" classname="org.test.Test2"/>
  <testcase name="tc22" time="0.001" classname="org.test.Test2"/>
  <testcase name="tc23" time="0.003" classname="org.test.Test2">
    <skipped/>
  </testcase> <!-- tc23 -->
  <testcase name="tc23" time="0.002" classname="org.test.Test2">
    <skipped/>
  </testcase> <!-- tc23 -->
  <testcase name="tc23" time="0.002" classname="org.test.Test2">
    <skipped/>
  </testcase> <!-- tc23 -->
  <testcase name="tc23" time="0.001" classname="org.test.Test2">
    <skipped/>
  </testcase> <!-- tc23 -->
  <testcase name="tc23" time="0.001" classname="org.test.Test2">
    <skipped/>
  </testcase> <!-- tc23 -->
  <testcase name="tc23" time="0.001" classname="org.test.Test2">
    <failure type="java.lang.AssertionError" message="expected [true] but found [false]">
      <![CDATA[java.lang.AssertionError: expected [true] but found [false]
at org.test.Test2.tc23(Test2.java:25)
... Removed 29 stack frames]]>
    </failure>
  </testcase> <!-- tc23 -->
  <testcase name="tc24" time="0.001" classname="org.test.Test2"/>
</testsuite> <!-- Test -->
